<?xml version="1.0" encoding="UTF-8"?>
<!-- Generated by org.testng.reporters.JUnitReportReporter -->
<testsuite hostname="acer-PC" failures="0" tests="1" name="com.AmazonTest.com.AmazonProject" time="46.781" errors="0" timestamp="2024-06-08T15:02:24 IST" skipped="0">
  <testcase classname="com.AmazonTest.com.AmazonProject" name="ClearTripTestCases" time="46.781"/>
</testsuite> <!-- com.AmazonTest.com.AmazonProject -->
